This file contains any messages produced by compilers while
running configure, to aid debugging if configure makes a mistake.

It was created by configure, which was
generated by GNU Autoconf 2.69.  Invocation command line was

  $ ./configure 

## --------- ##
## Platform. ##
## --------- ##

hostname = stravinsky
uname -m = x86_64
uname -r = 3.18.3-201.fc21.x86_64
uname -s = Linux
uname -v = #1 SMP Mon Jan 19 15:59:31 UTC 2015

/usr/bin/uname -p = x86_64
/bin/uname -X     = unknown

/bin/arch              = x86_64
/usr/bin/arch -k       = unknown
/usr/convex/getsysinfo = unknown
/usr/bin/hostinfo      = unknown
/bin/machine           = unknown
/usr/bin/oslevel       = unknown
/bin/universe          = unknown

PATH: .
PATH: /bin
PATH: /sbin
PATH: /usr/bin
PATH: /usr/sbin
PATH: /usr/local/bin


## ----------- ##
## Core tests. ##
## ----------- ##

configure:2204: checking build system type
configure:2218: result: x86_64-unknown-linux-gnu
configure:2238: checking host system type
configure:2251: result: x86_64-unknown-linux-gnu
configure:2271: checking target system type
configure:2284: result: x86_64-unknown-linux-gnu
configure:2378: checking for gcc
configure:2394: found /bin/gcc
configure:2405: result: gcc
configure:2634: checking for C compiler version
configure:2643: gcc --version >&5
gcc (GCC) 4.9.2 20150212 (Red Hat 4.9.2-6)
Copyright (C) 2014 Free Software Foundation, Inc.
This is free software; see the source for copying conditions.  There is NO
warranty; not even for MERCHANTABILITY or FITNESS FOR A PARTICULAR PURPOSE.

configure:2654: $? = 0
configure:2643: gcc -v >&5
Using built-in specs.
COLLECT_GCC=gcc
COLLECT_LTO_WRAPPER=/usr/libexec/gcc/x86_64-redhat-linux/4.9.2/lto-wrapper
Target: x86_64-redhat-linux
Configured with: ../configure --prefix=/usr --mandir=/usr/share/man --infodir=/usr/share/info --with-bugurl=http://bugzilla.redhat.com/bugzilla --enable-bootstrap --enable-shared --enable-threads=posix --enable-checking=release --enable-multilib --with-system-zlib --enable-__cxa_atexit --disable-libunwind-exceptions --enable-gnu-unique-object --enable-linker-build-id --with-linker-hash-style=gnu --enable-languages=c,c++,objc,obj-c++,fortran,ada,go,lto --enable-plugin --enable-initfini-array --disable-libgcj --with-isl=/builddir/build/BUILD/gcc-4.9.2-20150212/obj-x86_64-redhat-linux/isl-install --with-cloog=/builddir/build/BUILD/gcc-4.9.2-20150212/obj-x86_64-redhat-linux/cloog-install --enable-gnu-indirect-function --with-tune=generic --with-arch_32=i686 --build=x86_64-redhat-linux
Thread model: posix
gcc version 4.9.2 20150212 (Red Hat 4.9.2-6) (GCC) 
configure:2654: $? = 0
configure:2643: gcc -V >&5
gcc: error: unrecognized command line option '-V'
gcc: fatal error: no input files
compilation terminated.
configure:2654: $? = 4
configure:2643: gcc -qversion >&5
gcc: error: unrecognized command line option '-qversion'
gcc: fatal error: no input files
compilation terminated.
configure:2654: $? = 4
configure:2674: checking whether the C compiler works
configure:2696: gcc    conftest.c  >&5
configure:2700: $? = 0
configure:2748: result: yes
configure:2751: checking for C compiler default output file name
configure:2753: result: a.out
configure:2759: checking for suffix of executables
configure:2766: gcc -o conftest    conftest.c  >&5
configure:2770: $? = 0
configure:2792: result: 
configure:2814: checking whether we are cross compiling
configure:2822: gcc -o conftest    conftest.c  >&5
configure:2826: $? = 0
configure:2833: ./conftest
configure:2837: $? = 0
configure:2852: result: no
configure:2857: checking for suffix of object files
configure:2879: gcc -c   conftest.c >&5
configure:2883: $? = 0
configure:2904: result: o
configure:2908: checking whether we are using the GNU C compiler
configure:2927: gcc -c   conftest.c >&5
configure:2927: $? = 0
configure:2936: result: yes
configure:2945: checking whether gcc accepts -g
configure:2965: gcc -c -g  conftest.c >&5
configure:2965: $? = 0
configure:3006: result: yes
configure:3023: checking for gcc option to accept ISO C89
configure:3086: gcc  -c -g -O2  conftest.c >&5
configure:3086: $? = 0
configure:3099: result: none needed
configure:3124: checking how to run the C preprocessor
configure:3155: gcc -E  conftest.c
configure:3155: $? = 0
configure:3169: gcc -E  conftest.c
conftest.c:9:28: fatal error: ac_nonexistent.h: No such file or directory
 #include <ac_nonexistent.h>
                            ^
compilation terminated.
configure:3169: $? = 1
configure: failed program was:
| /* confdefs.h */
| #define PACKAGE_NAME ""
| #define PACKAGE_TARNAME ""
| #define PACKAGE_VERSION ""
| #define PACKAGE_STRING ""
| #define PACKAGE_BUGREPORT ""
| #define PACKAGE_URL ""
| /* end confdefs.h.  */
| #include <ac_nonexistent.h>
configure:3194: result: gcc -E
configure:3214: gcc -E  conftest.c
configure:3214: $? = 0
configure:3228: gcc -E  conftest.c
conftest.c:9:28: fatal error: ac_nonexistent.h: No such file or directory
 #include <ac_nonexistent.h>
                            ^
compilation terminated.
configure:3228: $? = 1
configure: failed program was:
| /* confdefs.h */
| #define PACKAGE_NAME ""
| #define PACKAGE_TARNAME ""
| #define PACKAGE_VERSION ""
| #define PACKAGE_STRING ""
| #define PACKAGE_BUGREPORT ""
| #define PACKAGE_URL ""
| /* end confdefs.h.  */
| #include <ac_nonexistent.h>
configure:3257: checking for library containing strerror
configure:3288: gcc -o conftest -g -O2   conftest.c  >&5
configure:3288: $? = 0
configure:3305: result: none required
configure:3330: checking for a BSD-compatible install
configure:3398: result: /bin/install -c
configure:3452: checking for ranlib
configure:3468: found /bin/ranlib
configure:3479: result: ranlib
configure:3503: checking for autoconf
configure:3519: found /bin/autoconf
configure:3531: result: autoconf
configure:3541: checking for cp
configure:3557: found /bin/cp
configure:3569: result: cp
configure:3579: checking for rm
configure:3595: found /bin/rm
configure:3607: result: rm
configure:3623: checking for grep that handles long lines and -e
configure:3681: result: /bin/grep
configure:3686: checking for egrep
configure:3748: result: /bin/grep -E
configure:3753: checking for ANSI C header files
configure:3773: gcc -c -g -O2  conftest.c >&5
configure:3773: $? = 0
configure:3846: gcc -o conftest -g -O2   conftest.c  >&5
configure:3846: $? = 0
configure:3846: ./conftest
configure:3846: $? = 0
configure:3857: result: yes
configure:3868: checking for setenv
configure:3868: gcc -o conftest -g -O2   conftest.c  >&5
configure:3868: $? = 0
configure:3868: result: yes
configure:3868: checking for putenv
configure:3868: gcc -o conftest -g -O2   conftest.c  >&5
configure:3868: $? = 0
configure:3868: result: yes
configure:3900: checking for ld used by GCC
configure:3963: result: /bin/ld
configure:3970: checking if the linker (/bin/ld) is GNU ld
GNU ld version 2.24
configure:3982: result: yes
configure:3988: checking for va_copy
configure:4006: gcc -o conftest -g -O2   conftest.c  >&5
configure:4006: $? = 0
configure:4015: result: yes
configure:4023: checking for __va_copy
configure:4041: gcc -o conftest -g -O2   conftest.c  >&5
configure:4041: $? = 0
configure:4050: result: yes
configure:4170: checking for tclConfig.sh
configure:4244: result: /usr/lib64/tclConfig.sh
configure:4260: checking for tkConfig.sh
configure:4335: result: /usr/lib64/tkConfig.sh
configure:4469: checking for wish executable
configure:4496: result: /usr/bin/wish
configure:4583: checking for X
configure:4722: gcc -o conftest -g -O2   conftest.c -lX11  >&5
configure:4722: $? = 0
configure:4772: result: libraries , headers 
configure:4871: gcc -o conftest -g -O2   conftest.c   -lX11 >&5
configure:4871: $? = 0
configure:4969: checking for gethostbyname
configure:4969: gcc -o conftest -g -O2   conftest.c  >&5
configure:4969: $? = 0
configure:4969: result: yes
configure:5066: checking for connect
configure:5066: gcc -o conftest -g -O2   conftest.c  >&5
configure:5066: $? = 0
configure:5066: result: yes
configure:5115: checking for remove
configure:5115: gcc -o conftest -g -O2   conftest.c  >&5
configure:5115: $? = 0
configure:5115: result: yes
configure:5164: checking for shmat
configure:5164: gcc -o conftest -g -O2   conftest.c  >&5
configure:5164: $? = 0
configure:5164: result: yes
configure:5222: checking for IceConnectionNumber in -lICE
configure:5247: gcc -o conftest -g -O2   conftest.c -lICE   >&5
configure:5247: $? = 0
configure:5256: result: yes
configure:5277: checking for XtToolkitInitialize in -lXt
configure:5302: gcc -o conftest -g -O2   conftest.c -lXt   >&5
configure:5302: $? = 0
configure:5311: result: yes
configure:5374: checking for sys/types.h
configure:5374: gcc -c -g -O2  conftest.c >&5
configure:5374: $? = 0
configure:5374: result: yes
configure:5374: checking for sys/stat.h
configure:5374: gcc -c -g -O2  conftest.c >&5
configure:5374: $? = 0
configure:5374: result: yes
configure:5374: checking for stdlib.h
configure:5374: gcc -c -g -O2  conftest.c >&5
configure:5374: $? = 0
configure:5374: result: yes
configure:5374: checking for string.h
configure:5374: gcc -c -g -O2  conftest.c >&5
configure:5374: $? = 0
configure:5374: result: yes
configure:5374: checking for memory.h
configure:5374: gcc -c -g -O2  conftest.c >&5
configure:5374: $? = 0
configure:5374: result: yes
configure:5374: checking for strings.h
configure:5374: gcc -c -g -O2  conftest.c >&5
configure:5374: $? = 0
configure:5374: result: yes
configure:5374: checking for inttypes.h
configure:5374: gcc -c -g -O2  conftest.c >&5
configure:5374: $? = 0
configure:5374: result: yes
configure:5374: checking for stdint.h
configure:5374: gcc -c -g -O2  conftest.c >&5
configure:5374: $? = 0
configure:5374: result: yes
configure:5374: checking for unistd.h
configure:5374: gcc -c -g -O2  conftest.c >&5
configure:5374: $? = 0
configure:5374: result: yes
configure:5388: checking sys/mman.h usability
configure:5388: gcc -c -g -O2  conftest.c >&5
configure:5388: $? = 0
configure:5388: result: yes
configure:5388: checking sys/mman.h presence
configure:5388: gcc -E  conftest.c
configure:5388: $? = 0
configure:5388: result: yes
configure:5388: checking for sys/mman.h
configure:5388: result: yes
configure:5797: creating ./config.status

## ---------------------- ##
## Running config.status. ##
## ---------------------- ##

This file was extended by config.status, which was
generated by GNU Autoconf 2.69.  Invocation command line was

  CONFIG_FILES    = 
  CONFIG_HEADERS  = 
  CONFIG_LINKS    = 
  CONFIG_COMMANDS = 
  $ ./config.status 

on stravinsky

config.status:768: creating Makefile

## ---------------- ##
## Cache variables. ##
## ---------------- ##

ac_cv_build=x86_64-unknown-linux-gnu
ac_cv_c___va_copy=yes
ac_cv_c_compiler_gnu=yes
ac_cv_c_va_copy=yes
ac_cv_env_CC_set=
ac_cv_env_CC_value=
ac_cv_env_CFLAGS_set=
ac_cv_env_CFLAGS_value=
ac_cv_env_CPPFLAGS_set=
ac_cv_env_CPPFLAGS_value=
ac_cv_env_CPP_set=
ac_cv_env_CPP_value=
ac_cv_env_LDFLAGS_set=
ac_cv_env_LDFLAGS_value=
ac_cv_env_LIBS_set=
ac_cv_env_LIBS_value=
ac_cv_env_XMKMF_set=
ac_cv_env_XMKMF_value=
ac_cv_env_build_alias_set=
ac_cv_env_build_alias_value=
ac_cv_env_host_alias_set=
ac_cv_env_host_alias_value=
ac_cv_env_target_alias_set=
ac_cv_env_target_alias_value=
ac_cv_func_connect=yes
ac_cv_func_gethostbyname=yes
ac_cv_func_putenv=yes
ac_cv_func_remove=yes
ac_cv_func_setenv=yes
ac_cv_func_shmat=yes
ac_cv_have_x='have_x=yes	ac_x_includes='\'''\''	ac_x_libraries='\'''\'''
ac_cv_header_inttypes_h=yes
ac_cv_header_memory_h=yes
ac_cv_header_stdc=yes
ac_cv_header_stdint_h=yes
ac_cv_header_stdlib_h=yes
ac_cv_header_string_h=yes
ac_cv_header_strings_h=yes
ac_cv_header_sys_mman_h=yes
ac_cv_header_sys_stat_h=yes
ac_cv_header_sys_types_h=yes
ac_cv_header_unistd_h=yes
ac_cv_host=x86_64-unknown-linux-gnu
ac_cv_lib_ICE_IceConnectionNumber=yes
ac_cv_lib_Xt_XtToolkitInitialize=yes
ac_cv_objext=o
ac_cv_path_EGREP='/bin/grep -E'
ac_cv_path_GREP=/bin/grep
ac_cv_path_LD=/bin/ld
ac_cv_path_install='/bin/install -c'
ac_cv_prog_AUTOCONF=autoconf
ac_cv_prog_CP=cp
ac_cv_prog_CPP='gcc -E'
ac_cv_prog_RM=rm
ac_cv_prog_ac_ct_CC=gcc
ac_cv_prog_ac_ct_RANLIB=ranlib
ac_cv_prog_cc_c89=
ac_cv_prog_cc_g=yes
ac_cv_prog_gnu_ld=yes
ac_cv_search_strerror='none required'
ac_cv_target=x86_64-unknown-linux-gnu

## ----------------- ##
## Output variables. ##
## ----------------- ##

ALL_TARGET='tcl'
AUTOCONF='autoconf'
CC='gcc'
CFLAGS='-g -O2'
CP='cp'
CPP='gcc -E'
CPPFLAGS=' -m64 -fPIC'
DEFS='-DPACKAGE_NAME=\"\" -DPACKAGE_TARNAME=\"\" -DPACKAGE_VERSION=\"\" -DPACKAGE_STRING=\"\" -DPACKAGE_BUGREPORT=\"\" -DPACKAGE_URL=\"\" -DSTDC_HEADERS=1 -DHAVE_SETENV=1 -DHAVE_PUTENV=1 -DHAVE_VA_COPY=1 -DHAVE___VA_COPY=1 -DHAVE_LIBXT=1 -DHAVE_SYS_TYPES_H=1 -DHAVE_SYS_STAT_H=1 -DHAVE_STDLIB_H=1 -DHAVE_STRING_H=1 -DHAVE_MEMORY_H=1 -DHAVE_STRINGS_H=1 -DHAVE_INTTYPES_H=1 -DHAVE_STDINT_H=1 -DHAVE_UNISTD_H=1 -DHAVE_SYS_MMAN_H=1 -DTCL_QROUTER=1 -DLINUX=1 -DSYSV=1 -DVERSION=\"1.3\" -DREVISION=\"68\"'
ECHO_C=''
ECHO_N='-n'
ECHO_T=''
EGREP='/bin/grep -E'
EXEEXT=''
EXTRA_LIB_SPECS='-ldl'
GREP='/bin/grep'
INC_SPECS=''
INSTALL_DATA='${INSTALL} -m 644'
INSTALL_PROGRAM='${INSTALL}'
INSTALL_SCRIPT='${INSTALL}'
INSTALL_TARGET='install-tcl'
LD='/bin/ld'
LDDL_FLAGS='-shared -Wl,-soname,$@ -Wl,--version-script=symbol.map'
LDFLAGS=''
LD_RUN_PATH=''
LIBOBJS=''
LIBS='-lXt '
LIB_SPECS=' -L/usr/lib64 -ltk8.6 -L/usr/lib64 -ltcl8.6'
LTLIBOBJS=''
OBJEXT='o'
PACKAGE_BUGREPORT=''
PACKAGE_NAME=''
PACKAGE_STRING=''
PACKAGE_TARNAME=''
PACKAGE_URL=''
PACKAGE_VERSION=''
PATH_SEPARATOR=':'
QROUTER_LIB_DIR='share/qrouter'
RANLIB='ranlib'
REVISION='68'
RM='rm'
SHDLIB_EXT='.so'
SHELL='/bin/sh'
SHLIB_CFLAGS='-fPIC'
SHLIB_LD=''
SHLIB_LIB_SPECS=''
STDLIBS=''
TCL_LIB_DIR='/usr/lib64'
TK_LIB_DIR='/usr/lib64'
VERSION='1.3'
WISH_EXE='/usr/bin/wish'
XMKMF=''
X_CFLAGS=''
X_EXTRA_LIBS=''
X_LIBS=''
X_PRE_LIBS=' -lSM -lICE'
ac_ct_CC='gcc'
bindir='${exec_prefix}/bin'
build='x86_64-unknown-linux-gnu'
build_alias=''
build_cpu='x86_64'
build_os='linux-gnu'
build_vendor='unknown'
datadir='${datarootdir}'
datarootdir='${prefix}/share'
docdir='${datarootdir}/doc/${PACKAGE}'
dvidir='${docdir}'
exec_prefix='${prefix}'
host='x86_64-unknown-linux-gnu'
host_alias=''
host_cpu='x86_64'
host_os='linux-gnu'
host_vendor='unknown'
htmldir='${docdir}'
includedir='${prefix}/include'
infodir='${datarootdir}/info'
libdir='${exec_prefix}/lib'
libexecdir='${exec_prefix}/libexec'
localedir='${datarootdir}/locale'
localstatedir='${prefix}/var'
mandir='${datarootdir}/man'
oldincludedir='/usr/include'
pdfdir='${docdir}'
prefix='/usr/local'
program_transform_name='s,x,x,'
psdir='${docdir}'
sbindir='${exec_prefix}/sbin'
sharedstatedir='${prefix}/com'
sysconfdir='${prefix}/etc'
target='x86_64-unknown-linux-gnu'
target_alias=''
target_cpu='x86_64'
target_os='linux-gnu'
target_vendor='unknown'

## ----------- ##
## confdefs.h. ##
## ----------- ##

/* confdefs.h */
#define PACKAGE_NAME ""
#define PACKAGE_TARNAME ""
#define PACKAGE_VERSION ""
#define PACKAGE_STRING ""
#define PACKAGE_BUGREPORT ""
#define PACKAGE_URL ""
#define STDC_HEADERS 1
#define HAVE_SETENV 1
#define HAVE_PUTENV 1
#define HAVE_VA_COPY 1
#define HAVE___VA_COPY 1
#define HAVE_LIBXT 1
#define HAVE_SYS_TYPES_H 1
#define HAVE_SYS_STAT_H 1
#define HAVE_STDLIB_H 1
#define HAVE_STRING_H 1
#define HAVE_MEMORY_H 1
#define HAVE_STRINGS_H 1
#define HAVE_INTTYPES_H 1
#define HAVE_STDINT_H 1
#define HAVE_UNISTD_H 1
#define HAVE_SYS_MMAN_H 1
#define TCL_QROUTER 1
#define LINUX 1
#define SYSV 1
#define VERSION "1.3"
#define REVISION "68"

configure: exit 0
